<?xml version="1.0" encoding="UTF-8"?>
<testng-results ignored="0" total="1" passed="1" failed="0" skipped="0">
  <reporter-output>
  </reporter-output>
  <suite started-at="2024-12-25T08:01:16 IST" name="Default suite" finished-at="2024-12-25T08:01:23 IST" duration-ms="7087">
    <groups>
    </groups>
    <test started-at="2024-12-25T08:01:16 IST" name="Default test" finished-at="2024-12-25T08:01:23 IST" duration-ms="7087">
      <class name="apiautomation.Demo1">
        <test-method signature="reqres()[pri:0, instance:apiautomation.Demo1@20ccf40b]" started-at="2024-12-25T08:01:16 IST" name="reqres" finished-at="2024-12-25T08:01:23 IST" duration-ms="7019" status="PASS">
          <reporter-output>
          </reporter-output>
        </test-method> <!-- reqres -->
      </class> <!-- apiautomation.Demo1 -->
    </test> <!-- Default test -->
  </suite> <!-- Default suite -->
</testng-results>
