<?xml version="1.0" encoding="UTF-8"?>
<testng-results ignored="0" total="1" passed="1" failed="0" skipped="0">
  <reporter-output>
  </reporter-output>
  <suite started-at="2024-12-22T19:35:22 IST" name="Default suite" finished-at="2024-12-22T19:35:28 IST" duration-ms="5650">
    <groups>
    </groups>
    <test started-at="2024-12-22T19:35:22 IST" name="Default test" finished-at="2024-12-22T19:35:28 IST" duration-ms="5650">
      <class name="automation.Demo">
        <test-method signature="demo()[pri:0, instance:automation.Demo@120f102b]" started-at="2024-12-22T19:35:22 IST" name="demo" finished-at="2024-12-22T19:35:28 IST" duration-ms="5601" status="PASS">
          <reporter-output>
          </reporter-output>
        </test-method> <!-- demo -->
      </class> <!-- automation.Demo -->
    </test> <!-- Default test -->
  </suite> <!-- Default suite -->
</testng-results>
